"D:/Users/alex.cou7417/Documents/UnderForge/Content/Animations/Player/lambert1.uasset" 0
"D:/Users/alex.cou7417/Documents/UnderForge/Content/Animations/Player/Character_OneTwoAttack_Anim_PhysicsAsset.uasset" 1
"D:/Users/alex.cou7417/Documents/UnderForge/Content/Animations/Player/Character_Skeleton.uasset" 2
"D:/Users/alex.cou7417/Documents/UnderForge/Content/Animations/Player/Character_OneTwoAttack_Anim.uasset" 3
"D:/Users/alex.cou7417/Documents/UnderForge/Content/Animations/Player/Character_OneTwoAttack_Anim_Anim.uasset" 4
"D:/Users/alex.cou7417/Documents/UnderForge/Content/Animations/Player/lambert2.uasset" 5
"D:/Users/alex.cou7417/Documents/UnderForge/Content/Animations/Player/Character_Run_PhysicsAsset.uasset" 6
"D:/Users/alex.cou7417/Documents/UnderForge/Content/Animations/Player/Character_Run.uasset" 7
"D:/Users/alex.cou7417/Documents/UnderForge/Content/Animations/Player/Character_Smithing_Anim_PhysicsAsset.uasset" 8
"D:/Users/alex.cou7417/Documents/UnderForge/Content/Animations/Player/Character_Smithing_Anim.uasset" 9
"D:/Users/alex.cou7417/Documents/UnderForge/Content/Animations/Player/Character_Smithing_Anim_Anim.uasset" 10
"../../../Engine/Content/EditorMaterials/WidgetMaterial_Z.uasset" 11
"../../../Engine/Content/Functions/Engine_MaterialFunctions01/Opacity/CameraDepthFade.uasset" 12
"../../../Engine/Content/EngineMaterials/T_Default_Material_Grid_M.uasset" 13
"../../../Engine/Content/EngineMaterials/T_Default_Material_Grid_N.uasset" 14
"../../../Engine/Content/EngineMaterials/WorldGridMaterial.uasset" 15
"../../../Engine/Content/BasicShapes/Cube.uasset" 16
"D:/Users/alex.cou7417/Documents/UnderForge/Content/Blueprints/Enemies/EnemiesZomboBP.uasset" 17
"D:/Users/alex.cou7417/Documents/UnderForge/Content/Blueprints/Enemies/EnemyManagerBP.uasset" 18
"../../../Engine/Content/EngineMaterials/DefaultMaterial.uasset" 19
"../../../Engine/Content/EngineMeshes/Cylinder.uasset" 20
"D:/Users/alex.cou7417/Documents/UnderForge/Content/Blueprints/LevelBlueprints/BP_ForgeStation.uasset" 21
"D:/Users/alex.cou7417/Documents/UnderForge/Content/Textures/Items/Weapon_DIFF.uasset" 22
"D:/Users/alex.cou7417/Documents/UnderForge/Content/Materials/Items/IronWeapon_Mat.uasset" 23
"D:/Users/alex.cou7417/Documents/UnderForge/Content/Mesh/Enemies/Goblin/lambert1.uasset" 24
"D:/Users/alex.cou7417/Documents/UnderForge/Content/Mesh/Enemies/Goblin/GoblinEnemyMixamoResized_PhysicsAsset.uasset" 25
"D:/Users/alex.cou7417/Documents/UnderForge/Content/Mesh/Enemies/Goblin/GoblinEnemyMixamoResized_Skeleton.uasset" 26
"D:/Users/alex.cou7417/Documents/UnderForge/Content/Mesh/Enemies/Goblin/GoblinEnemyMixamoResized.uasset" 27
"D:/Users/alex.cou7417/Documents/UnderForge/Content/Mesh/Enemies/Goblin/GoblinEnemyMixamoResized_Anim.uasset" 28
"D:/Users/alex.cou7417/Documents/UnderForge/Content/Mesh/Enemies/Goblin/Animations/GoblinDying.uasset" 29
"D:/Users/alex.cou7417/Documents/UnderForge/Content/Mesh/Enemies/Goblin/Animations/GoblinHitReaction.uasset" 30
"D:/Users/alex.cou7417/Documents/UnderForge/Content/Mesh/Enemies/Goblin/Animations/GoblinIdle.uasset" 31
"D:/Users/alex.cou7417/Documents/UnderForge/Content/Mesh/Enemies/Goblin/Animations/GoblinKicking.uasset" 32
"D:/Users/alex.cou7417/Documents/UnderForge/Content/Mesh/Enemies/Goblin/Animations/GoblinRunning.uasset" 33
"D:/Users/alex.cou7417/Documents/UnderForge/Content/Materials/Items/WeaponMap_MAT.uasset" 34
"D:/Users/alex.cou7417/Documents/UnderForge/Content/Mesh/Items/Broadsword_Whole_2.uasset" 35
"D:/Users/alex.cou7417/Documents/UnderForge/Content/Textures/Items/Collectables_DIFF.uasset" 36
"D:/Users/alex.cou7417/Documents/UnderForge/Content/Materials/Items/Collectables_DIFF.uasset" 37
"D:/Users/alex.cou7417/Documents/UnderForge/Content/Mesh/Items/Ingot_Bronze.uasset" 38
"D:/Users/alex.cou7417/Documents/UnderForge/Content/Mesh/Items/Ingot_Copper.uasset" 39
"D:/Users/alex.cou7417/Documents/UnderForge/Content/Mesh/Items/Ingot_Silver.uasset" 40
"D:/Users/alex.cou7417/Documents/UnderForge/Content/Mesh/Items/KrisGuard.uasset" 41
"D:/Users/alex.cou7417/Documents/UnderForge/Content/Textures/Items/Weapon_Steel_DIFF.uasset" 42
"D:/Users/alex.cou7417/Documents/UnderForge/Content/Materials/Items/SteelWeapon_MAT.uasset" 43
"D:/Users/alex.cou7417/Documents/UnderForge/Content/Mesh/Items/KrisGuard_2.uasset" 44
"D:/Users/alex.cou7417/Documents/UnderForge/Content/Mesh/Items/KrisHandle_2.uasset" 45
"D:/Users/alex.cou7417/Documents/UnderForge/Content/Mesh/Items/Kris_Whole.uasset" 46
"D:/Users/alex.cou7417/Documents/UnderForge/Content/Mesh/Items/Kris_Whole_2.uasset" 47
"D:/Users/alex.cou7417/Documents/UnderForge/Content/Mesh/Items/Resource_WoodPlank.uasset" 48
"D:/Users/alex.cou7417/Documents/UnderForge/Content/Mesh/Items/SwordGuard.uasset" 49
"D:/Users/alex.cou7417/Documents/UnderForge/Content/Mesh/Items/SwordGuard_2.uasset" 50
"D:/Users/alex.cou7417/Documents/UnderForge/Content/Mesh/Items/SwordHandle_2.uasset" 51
"D:/Users/alex.cou7417/Documents/UnderForge/Content/Textures/Level/Clutter_DIF.uasset" 52
"D:/Users/alex.cou7417/Documents/UnderForge/Content/Materials/Level/Clutter_MAT.uasset" 53
"D:/Users/alex.cou7417/Documents/UnderForge/Content/Mesh/Level/Candle.uasset" 54
"D:/Users/alex.cou7417/Documents/UnderForge/Content/Mesh/Level/Lathe_Cube_011.uasset" 55
"D:/Users/alex.cou7417/Documents/UnderForge/Content/Mesh/Level/Level_BlockOut.uasset" 56
"D:/Users/alex.cou7417/Documents/UnderForge/Content/Mesh/Level/Material_003.uasset" 57
"D:/Users/alex.cou7417/Documents/UnderForge/Content/Mesh/Level/Rock_crate_Cube_004.uasset" 58
"D:/Users/alex.cou7417/Documents/UnderForge/Content/Mesh/Level/Rock_crate_Plane_002.uasset" 59
"D:/Users/alex.cou7417/Documents/UnderForge/Content/Mesh/Level/Sign03.uasset" 60
"D:/Users/alex.cou7417/Documents/UnderForge/Content/Mesh/Level/SteelBar.uasset" 61
"D:/Users/alex.cou7417/Documents/UnderForge/Content/Mesh/Level/TilingGrass.uasset" 62
"D:/Users/alex.cou7417/Documents/UnderForge/Content/Materials/Level/StoneWallDouble2_MAT.uasset" 63
"D:/Users/alex.cou7417/Documents/UnderForge/Content/Mesh/Level/Wall2.uasset" 64
"D:/Users/alex.cou7417/Documents/UnderForge/Content/Mesh/Players/lambert1.uasset" 65
"D:/Users/alex.cou7417/Documents/UnderForge/Content/Mesh/Players/GrayBox__1__PhysicsAsset.uasset" 66
"D:/Users/alex.cou7417/Documents/UnderForge/Content/Mesh/Players/GrayBox__1__Skeleton.uasset" 67
"D:/Users/alex.cou7417/Documents/UnderForge/Content/Mesh/Players/GrayBox__1_.uasset" 68
"D:/Users/alex.cou7417/Documents/UnderForge/Content/Sounds/SoundRourke/ForgeLoop_Sound.uasset" 69
"D:/Users/alex.cou7417/Documents/UnderForge/Content/Sounds/SoundRourke/Burning.uasset" 70
"D:/Users/alex.cou7417/Documents/UnderForge/Content/Sounds/SoundRourke/Coins_Sound.uasset" 71
"D:/Users/alex.cou7417/Documents/UnderForge/Content/Sounds/SoundRourke/Death_Is_Just_Another_Path.uasset" 72
"D:/Users/alex.cou7417/Documents/UnderForge/Content/Sounds/SoundRourke/Error_or_Drop_Sound.uasset" 73
"D:/Users/alex.cou7417/Documents/UnderForge/Content/Sounds/SoundRourke/FinishCrafting_Sound.uasset" 74
"D:/Users/alex.cou7417/Documents/UnderForge/Content/Sounds/SoundRourke/PageFlip_Sound.uasset" 75
"D:/Users/alex.cou7417/Documents/UnderForge/Content/Sounds/SoundRourke/PickUp_Sound.uasset" 76
"D:/Users/alex.cou7417/Documents/UnderForge/Content/Sounds/SoundRourke/SmithingHit_Sound.uasset" 77
"D:/Users/alex.cou7417/Documents/UnderForge/Content/Sounds/SoundRourke/TitleMusic.uasset" 78
"D:/Users/alex.cou7417/Documents/UnderForge/Content/Sounds/SoundRourke/Attacks/ArcSwing_01.uasset" 79
"D:/Users/alex.cou7417/Documents/UnderForge/Content/Sounds/SoundRourke/Attacks/ArcSwing_02.uasset" 80
"D:/Users/alex.cou7417/Documents/UnderForge/Content/Sounds/SoundRourke/Attacks/MultiSwing_01.uasset" 81
"D:/Users/alex.cou7417/Documents/UnderForge/Content/Sounds/SoundRourke/Attacks/QuickSwing_01.uasset" 82
"D:/Users/alex.cou7417/Documents/UnderForge/Content/Sounds/SoundRourke/Attacks/QuickSwing_02.uasset" 83
"D:/Users/alex.cou7417/Documents/UnderForge/Content/Sounds/SoundRourke/Attacks/Sweep_01.uasset" 84
"D:/Users/alex.cou7417/Documents/UnderForge/Content/Sounds/SoundRourke/Attacks/Sweep_02.uasset" 85
"D:/Users/alex.cou7417/Documents/UnderForge/Content/Sounds/SoundRourke/Attacks/Swing_01.uasset" 86
"D:/Users/alex.cou7417/Documents/UnderForge/Content/Sounds/SoundRourke/Attacks/Swing_02.uasset" 87
"D:/Users/alex.cou7417/Documents/UnderForge/Content/Sounds/SoundRourke/Attacks/Swing_03.uasset" 88
"D:/Users/alex.cou7417/Documents/UnderForge/Content/Sounds/SoundRourke/Attacks/Swing_04.uasset" 89
"D:/Users/alex.cou7417/Documents/UnderForge/Content/Sounds/SoundRourke/Attacks/Swing_05.uasset" 90
"D:/Users/alex.cou7417/Documents/UnderForge/Content/Sounds/SoundRourke/Attacks/Swing_06.uasset" 91
"D:/Users/alex.cou7417/Documents/UnderForge/Content/Sounds/SoundRourke/Enemies/Dying01.uasset" 92
"D:/Users/alex.cou7417/Documents/UnderForge/Content/Sounds/SoundRourke/Enemies/Grunt01.uasset" 93
"D:/Users/alex.cou7417/Documents/UnderForge/Content/Sounds/SoundRourke/Enemies/Grunt02.uasset" 94
"D:/Users/alex.cou7417/Documents/UnderForge/Content/Sounds/SoundRourke/Enemies/Hurt01.uasset" 95
"D:/Users/alex.cou7417/Documents/UnderForge/Content/Sounds/SoundRourke/Enemies/Hurt02.uasset" 96
"D:/Users/alex.cou7417/Documents/UnderForge/Content/Sounds/SoundRourke/Player/Laugh_01.uasset" 97
"D:/Users/alex.cou7417/Documents/UnderForge/Content/Sounds/SoundRourke/Player/Random_01.uasset" 98
"D:/Users/alex.cou7417/Documents/UnderForge/Content/Sounds/SoundRourke/Player/Random_02.uasset" 99
"D:/Users/alex.cou7417/Documents/UnderForge/Content/Sounds/SoundRourke/Player/Random_03.uasset" 100
"D:/Users/alex.cou7417/Documents/UnderForge/Content/Textures/Level/StoneWalldoubleDiff2.uasset" 101
"D:/Users/alex.cou7417/Documents/UnderForge/Content/UI/Buttons/LB.uasset" 102
"D:/Users/alex.cou7417/Documents/UnderForge/Content/UI/Buttons/LT.uasset" 103
"D:/Users/alex.cou7417/Documents/UnderForge/Content/UI/Buttons/L_stick_left.uasset" 104
"D:/Users/alex.cou7417/Documents/UnderForge/Content/UI/Buttons/L_stick_right.uasset" 105
"D:/Users/alex.cou7417/Documents/UnderForge/Content/UI/Buttons/RB.uasset" 106
"D:/Users/alex.cou7417/Documents/UnderForge/Content/UI/Buttons/RT.uasset" 107
"D:/Users/alex.cou7417/Documents/UnderForge/Content/UI/Buttons/R_stick_left.uasset" 108
"D:/Users/alex.cou7417/Documents/UnderForge/Content/UI/Buttons/R_stick_right.uasset" 109
"D:/Users/alex.cou7417/Documents/UnderForge/Content/UI/Buttons/X.uasset" 110
"D:/Users/alex.cou7417/Documents/UnderForge/Content/UI/Buttons/Y.uasset" 111
"D:/Users/alex.cou7417/Documents/UnderForge/Content/UI/DiageticStations/Cross.uasset" 112
"D:/Users/alex.cou7417/Documents/UnderForge/Content/UI/Ordering/Broadsword_Guard_1.uasset" 113
"D:/Users/alex.cou7417/Documents/UnderForge/Content/UI/Ordering/Broadsword_Guard_2.uasset" 114
"D:/Users/alex.cou7417/Documents/UnderForge/Content/UI/Ordering/Broadsword_Hilt_2.uasset" 115
"D:/Users/alex.cou7417/Documents/UnderForge/Content/UI/Ordering/Ingot_Bronze.uasset" 116
"D:/Users/alex.cou7417/Documents/UnderForge/Content/UI/Ordering/Kris_Guard_1.uasset" 117
"D:/Users/alex.cou7417/Documents/UnderForge/Content/UI/Ordering/Kris_Guard_2.uasset" 118
"D:/Users/alex.cou7417/Documents/UnderForge/Content/UI/Ordering/Kris_Hilt_2.uasset" 119
"D:/Users/alex.cou7417/Documents/UnderForge/Content/UI/Ordering/Ore_Coal.uasset" 120
"D:/Users/alex.cou7417/Documents/UnderForge/Content/UI/Ordering/Ore_Copper.uasset" 121
"D:/Users/alex.cou7417/Documents/UnderForge/Content/UI/Ordering/Ore_Tin.uasset" 122
"D:/Users/alex.cou7417/Documents/UnderForge/Content/UI/Ordering/Resource_Wood_Plank.uasset" 123
"../../../Engine/Content/BasicShapes/Cone.uasset" 124
"../../../Engine/Content/BasicShapes/Plane.uasset" 125
"../../../Engine/Content/BasicShapes/Sphere.uasset" 126
"../../../Engine/Content/EditorLandscapeResources/DataLayer.uasset" 127
"../../../Engine/Content/EditorMaterials/GizmoMaterial.uasset" 128
"../../../Engine/Content/EditorMaterials/MAT_Groups_Toggle.uasset" 129
"../../../Engine/Content/EditorMaterials/MAT_Groups_Visibility.uasset" 130
"../../../Engine/Content/EditorMaterials/PreviewShadowIndicator.uasset" 131
"../../../Engine/Content/EditorMaterials/PreviewShadowIndicatorMaterial.uasset" 132
"../../../Engine/Content/EditorMaterials/MatineeGroups/MAT_ColorTrack.uasset" 133
"../../../Engine/Content/EditorMaterials/MatineeGroups/MAT_Groups_Anim.uasset" 134
"../../../Engine/Content/EditorMaterials/MatineeGroups/MAT_Groups_AudioMaster.uasset" 135
"../../../Engine/Content/EditorMaterials/MatineeGroups/MAT_Groups_Director.uasset" 136
"../../../Engine/Content/EditorMaterials/MatineeGroups/MAT_Groups_Event.uasset" 137
"../../../Engine/Content/EditorMaterials/MatineeGroups/MAT_Groups_Fade.uasset" 138
"../../../Engine/Content/EditorMaterials/MatineeGroups/MAT_Groups_Float.uasset" 139
"../../../Engine/Content/EditorMaterials/MatineeGroups/MAT_Groups_Move.uasset" 140
"../../../Engine/Content/EditorMaterials/MatineeGroups/MAT_Groups_Slomo.uasset" 141
"../../../Engine/Content/EditorMaterials/MatineeGroups/MAT_Groups_Sound.uasset" 142
"../../../Engine/Content/EditorMaterials/MatineeGroups/MAT_Groups_Vector.uasset" 143
"../../../Engine/Content/EditorMaterials/ParticleSystems/PSysThumbnail_NoImage.uasset" 144
"../../../Engine/Content/EditorMaterials/ParticleSystems/PSysThumbnail_OOD.uasset" 145
"../../../Engine/Content/EditorMaterials/Camera/CineMat.uasset" 146
"../../../Engine/Content/EditorMaterials/Camera/MI_CineMat_Rig.uasset" 147
"../../../Engine/Content/EditorMeshes/Camera/SM_CraneRig_Arm.uasset" 148
"../../../Engine/Content/EditorMeshes/Camera/SM_CraneRig_Base.uasset" 149
"../../../Engine/Content/EditorMeshes/Camera/SM_CraneRig_Body.uasset" 150
"../../../Engine/Content/EditorMeshes/Camera/SM_CraneRig_Mount.uasset" 151
"../../../Engine/Content/EditorMeshes/Camera/SM_RailRig_Mount.uasset" 152
"../../../Engine/Content/EditorMeshes/Camera/SM_RailRig_Track.uasset" 153
"../../../Engine/Content/EditorMeshes/ColorCalibrator/M_ChromeBall.uasset" 154
"../../../Engine/Content/EditorMeshes/ColorCalibrator/M_ClearCoat.uasset" 155
"../../../Engine/Content/EditorMeshes/ColorCalibrator/M_ClearCoatBlack.uasset" 156
"../../../Engine/Content/EditorMeshes/ColorCalibrator/Color_checker.uasset" 157
"../../../Engine/Content/EditorMeshes/ColorCalibrator/M_ColorGrid.uasset" 158
"../../../Engine/Content/EditorMeshes/ColorCalibrator/M_GreyBall.uasset" 159
"../../../Engine/Content/EditorMeshes/ColorCalibrator/SM_ColorCalibrator.uasset" 160
"../../../Engine/Content/EditorResources/BSPVertex.uasset" 161
"../../../Engine/Content/EditorResources/EmptyActor.uasset" 162
"../../../Engine/Content/EditorResources/S_Actor.uasset" 163
"../../../Engine/Content/EditorResources/S_Trigger.uasset" 164
"../../../Engine/Content/EditorResources/LightIcons/S_LightError.uasset" 165
"../../../Engine/Content/EditorResources/SequenceRecorder/Countdown.uasset" 166
"../../../Engine/Content/EditorResources/SequenceRecorder/RecordingIndicator.uasset" 167
"../../../Engine/Content/EditorSounds/Notifications/CompileFailed.uasset" 168
"../../../Engine/Content/EditorSounds/Notifications/CompileFailed_Cue.uasset" 169
"../../../Engine/Content/EditorSounds/Notifications/CompileSuccess.uasset" 170
"../../../Engine/Content/EditorSounds/Notifications/CompileStart_Cue.uasset" 171
"../../../Engine/Content/EditorSounds/Notifications/CompileSuccess_Cue.uasset" 172
"../../../Engine/Content/EngineDamageTypes/DmgTypeBP_Environmental.uasset" 173
"../../../Engine/Content/EngineDebugMaterials/HeatmapGradient.uasset" 174
"../../../Engine/Content/EngineDebugMaterials/BoneWeightMaterial.uasset" 175
"../../../Engine/Content/EngineDebugMaterials/ClothMaterial.uasset" 176
"../../../Engine/Content/EngineDebugMaterials/ClothMaterial_WF.uasset" 177
"../../../Engine/Content/EngineDebugMaterials/DebugEditorMaterial.uasset" 178
"../../../Engine/Content/EngineDebugMaterials/DebugMeshMaterial.uasset" 179
"../../../Engine/Content/EngineDebugMaterials/GeomMaterial.uasset" 180
"../../../Engine/Content/EngineFonts/Faces/RobotoBold.uasset" 181
"../../../Engine/Content/EngineFonts/Faces/RobotoBoldItalic.uasset" 182
"../../../Engine/Content/EngineFonts/Faces/RobotoItalic.uasset" 183
"../../../Engine/Content/EngineFonts/Faces/RobotoLight.uasset" 184
"../../../Engine/Content/EngineFonts/Faces/RobotoRegular.uasset" 185
"../../../Engine/Content/EngineFonts/Roboto.uasset" 186
"../../../Engine/Content/EngineFonts/Faces/RobotoTiny.uasset" 187
"../../../Engine/Content/EngineFonts/RobotoTiny.uasset" 188
"../../../Engine/Content/EngineMaterials/DefaultBloomKernel.uasset" 189
"../../../Engine/Content/EngineMaterials/DefaultBokeh.uasset" 190
"../../../Engine/Content/EngineMaterials/DefaultDiffuse.uasset" 191
"../../../Engine/Content/EngineMaterials/DefaultDeferredDecalMaterial.uasset" 192
"../../../Engine/Content/EngineMaterials/DefaultLightFunctionMaterial.uasset" 193
"../../../Engine/Content/EngineMaterials/DefaultPhysicalMaterial.uasset" 194
"../../../Engine/Content/Functions/Engine_MaterialFunctions02/Utility/BreakOutFloat2Components.uasset" 195
"../../../Engine/Content/EngineMaterials/DefaultPostProcessMaterial.uasset" 196
"../../../Engine/Content/EngineFonts/RobotoDistanceField.uasset" 197
"../../../Engine/Content/EngineMaterials/DefaultTextMaterialOpaque.uasset" 198
"../../../Engine/Content/EngineMaterials/DefaultWhiteGrid.uasset" 199
"../../../Engine/Content/EngineMaterials/EditorBrushMaterial.uasset" 200
"../../../Engine/Content/EngineMaterials/Good64x64TilingNoiseHighFreq.uasset" 201
"../../../Engine/Content/EngineMaterials/MiniFont.uasset" 202
"../../../Engine/Content/EngineMaterials/InvalidLightmapSettings.uasset" 203
"../../../Engine/Content/EngineMaterials/M_InvalidLightmapSettings.uasset" 204
"../../../Engine/Content/Functions/Engine_MaterialFunctions02/WorldPositionOffset/CameraOffset.uasset" 205
"../../../Engine/Content/EngineMaterials/PhAT_JointLimitMaterial.uasset" 206
"../../../Engine/Content/EngineMaterials/PreintegratedSkinBRDF.uasset" 207
"../../../Engine/Content/EngineMaterials/RemoveSurfaceMaterial.uasset" 208
"../../../Engine/Content/EngineMaterials/WeightMapPlaceholderTexture.uasset" 209
"../../../Engine/Content/EngineResources/WhiteSquareTexture.uasset" 210
"../../../Engine/Content/EngineMaterials/Widget3DPassThrough.uasset" 211
"../../../Engine/Content/EngineMaterials/Widget3DPassThrough_Masked.uasset" 212
"../../../Engine/Content/EngineMaterials/Widget3DPassThrough_Opaque.uasset" 213
"../../../Engine/Content/EngineMaterials/Widget3DPassThrough_Masked_OneSided.uasset" 214
"../../../Engine/Content/EngineMaterials/Widget3DPassThrough_Opaque_OneSided.uasset" 215
"../../../Engine/Content/EngineMaterials/Widget3DPassThrough_Translucent.uasset" 216
"../../../Engine/Content/EngineMaterials/Widget3DPassThrough_Translucent_OneSided.uasset" 217
"../../../Engine/Content/EngineMeshes/Cube.uasset" 218
"../../../Engine/Content/EngineMeshes/Sphere.uasset" 219
"../../../Engine/Content/EngineResources/Black.uasset" 220
"../../../Engine/Content/EngineResources/DefaultTexture.uasset" 221
"../../../Engine/Content/EngineResources/DefaultTextureCube.uasset" 222
"../../../Engine/Content/EngineResources/GradientTexture0.uasset" 223
"../../../Engine/Content/EngineSounds/Master.uasset" 224
"../../../Engine/Content/Functions/Engine_MaterialFunctions01/Shading/ConvertFromDiffSpec.uasset" 225
"../../../Engine/Content/Functions/Engine_MaterialFunctions01/Shading/PowerToRoughness.uasset" 226
"../../../Engine/Content/Maps/Templates/Thumbnails/Default.uasset" 227
"../../../Engine/Content/Maps/Templates/Thumbnails/VR-Basic.uasset" 228
"../../../Engine/Content/MobileResources/T_MobileControls_texture.uasset" 229
"../../../Engine/Content/MobileResources/T_MobileMenu2.uasset" 230
"../../../Engine/Content/MobileResources/HUD/AnalogHat.uasset" 231
"../../../Engine/Content/MobileResources/HUD/VirtualJoystick_Background.uasset" 232
"../../../Engine/Content/MobileResources/HUD/VirtualJoystick_Thumb.uasset" 233
"../../../Engine/Content/MobileResources/HUD/DefaultVirtualJoysticks.uasset" 234
"../../../Engine/Content/MobileResources/HUD/LeftVirtualJoystickOnly.uasset" 235
"../../../Engine/Content/MobileResources/HUD/MobileHUDButton1_off.uasset" 236
"../../../Engine/Content/MobileResources/HUD/MobileHUDButton1_on.uasset" 237
"../../../Engine/Content/MobileResources/HUD/MobileHUDButton2_off.uasset" 238
"../../../Engine/Content/MobileResources/HUD/MobileHUDButton2_on.uasset" 239
"../../../Engine/Content/MobileResources/HUD/MobileHUDButton3.uasset" 240
"../../../Engine/Content/MobileResources/HUD/MobileHUDButtonFire.uasset" 241
"../../../Engine/Content/MobileResources/HUD/MobileHUDDirectionPad.uasset" 242
"../../../Engine/Content/MobileResources/HUD/MobileHUDDirectionPad2.uasset" 243
"../../../Engine/Content/MobileResources/HUD/MobileHUDDirectionPad3.uasset" 244
"../../../Engine/Content/MobileResources/HUD/MobileHUDDirectionStick.uasset" 245
"../../../Engine/Content/MobileResources/HUD/T_Castle_ThumbstickInner.uasset" 246
"../../../Engine/Content/MobileResources/HUD/T_Castle_ThumbstickOutter.uasset" 247
"../../../Engine/Content/Tutorial/ContentIntroCurve.uasset" 248
"../../../Engine/Content/Tutorial/Basics/TutorialAssets/icon_tab_Levels_40x.uasset" 249
"../../../Engine/Content/Tutorial/BlueprintTutorials/TutorialAssets/BlueprintInterface_64x.uasset" 250
"../../../Engine/Content/Tutorial/BlueprintTutorials/TutorialAssets/BlueprintMacroLibrary_64x.uasset" 251
"../../../Engine/Content/Tutorial/BlueprintTutorials/TutorialAssets/Blueprint_64x.uasset" 252
"../../../Engine/Content/Tutorial/BlueprintTutorials/TutorialAssets/Tutorial_BP_Interface.uasset" 253
"../../../Engine/Content/Tutorial/Foliage/TutorialAssets/Foliage.uasset" 254
"../../../Engine/Content/Tutorial/Landscape/TutorialAssets/Landscape.uasset" 255
"../../../Engine/Content/Tutorial/Paper2D/TutorialAssets/Paper2DFlipbook_TutorialIcon.uasset" 256
"../../../Engine/Content/Tutorial/Paper2D/TutorialAssets/Paper2DSprite_TutorialIcon.uasset" 257
"../../../Engine/Content/Tutorial/SubEditors/TutorialAssets/icon_Editor_Preferences_General_40x.uasset" 258
"../../../Engine/Content/Tutorial/SubEditors/TutorialAssets/icon_ShowSkeletalMeshes_40x.uasset" 259
"../../../Engine/Content/Tutorial/SubEditors/TutorialAssets/TutorialMaterial.uasset" 260
"../../../Engine/Content/Tutorial/SubEditors/TutorialAssets/T_SmokeSubUV_8X8.uasset" 261
"../../../Engine/Content/Tutorial/SubEditors/TutorialAssets/T_soft_smoke.uasset" 262
"../../../Engine/Content/Tutorial/SubEditors/TutorialAssets/M_smoke_subUV_blackbody.uasset" 263
"../../../Engine/Content/Tutorial/SubEditors/TutorialAssets/TutorialParticleSystem.uasset" 264
"../../../Engine/Content/VREditor/Devices/Generic/GenericHMDMaterial.uasset" 265
"../../../Engine/Content/VREditor/Devices/Generic/GenericHMD.uasset" 266
"../../../Engine/Content/Functions/Engine_MaterialFunctions02/Utility/BreakOutFloat3Components.uasset" 267
"../../../Engine/Content/VREditor/Devices/Vive/VivePreController_MasksB.uasset" 268
"../../../Engine/Content/VREditor/Devices/Oculus/OculusControllerMaterial.uasset" 269
"../../../Engine/Content/VREditor/Devices/Oculus/OculusControllerMaterial_Inst.uasset" 270
"../../../Engine/Content/VREditor/Devices/Oculus/OculusControllerMesh.uasset" 271
"../../../Engine/Content/VREditor/Devices/Vive/T_VivePreController_EM.uasset" 272
"../../../Engine/Content/VREditor/Devices/Vive/VivePreController_MasksA.uasset" 273
"../../../Engine/Content/VREditor/Devices/Vive/VivePreControllerDiffuse.uasset" 274
"../../../Engine/Content/VREditor/Devices/Vive/VivePreControllerSpec.uasset" 275
"../../../Engine/Content/VREditor/LaserPointer/VR_LaserPower_01.uasset" 276
"../../../Engine/Content/VREditor/Devices/Vive/VivePreControllerMaterial.uasset" 277
"../../../Engine/Content/VREditor/Devices/Vive/VivePreControllerMaterial_Inst.uasset" 278
"../../../Engine/Content/VREditor/Devices/Vive/VivePreControllerMesh.uasset" 279
"../../../Engine/Content/VREditor/FloatingText/LineMaterial.uasset" 280
"../../../Engine/Content/VREditor/FloatingText/JointSphere.uasset" 281
"../../../Engine/Content/VREditor/FloatingText/LineSegmentCylinder.uasset" 282
"../../../Engine/Content/VREditor/Fonts/VRText_RobotoLarge.uasset" 283
"../../../Engine/Content/VREditor/Fonts/VRTextMaterial.uasset" 284
"../../../Engine/Content/VREditor/Fonts/TranslucentVRTextMaterial.uasset" 285
"../../../Engine/Content/VREditor/LaserPointer/CursorPointer.uasset" 286
"../../../Engine/Content/VREditor/TransformGizmo/TransformGizmoMaterial.uasset" 287
"../../../Engine/Content/VREditor/LaserPointer/HoverMaterial.uasset" 288
"../../../Engine/Content/VREditor/TransformGizmo/TranslucentTransformGizmoMaterial.uasset" 289
"../../../Engine/Content/VREditor/LaserPointer/TranslucentHoverMaterial.uasset" 290
"../../../Engine/Content/VREditor/LaserPointer/HoverMesh.uasset" 291
"../../../Engine/Content/VREditor/LaserPointer/LaserPointerMaterial.uasset" 292
"../../../Engine/Content/VREditor/LaserPointer/LaserPointerMaterialInst.uasset" 293
"../../../Engine/Content/VREditor/LaserPointer/TranslucentLaserPointerMaterialInst.uasset" 294
"../../../Engine/Content/VREditor/LaserPointer/LaserPointerMesh.uasset" 295
"../../../Engine/Content/VREditor/LaserPointer/LaserPointerMesh_End.uasset" 296
"../../../Engine/Content/VREditor/LaserPointer/LaserPointerMesh_Start.uasset" 297
"../../../Engine/Content/VREditor/Sounds/VR_teleport.uasset" 298
"../../../Engine/Content/VREditor/Sounds/UI/Click_on_Button.uasset" 299
"../../../Engine/Content/VREditor/Sounds/UI/Click_on_Button_Cue.uasset" 300
"../../../Engine/Content/VREditor/Sounds/UI/Dockable_Window_Close.uasset" 301
"../../../Engine/Content/VREditor/Sounds/UI/Dockable_Window_Drop.uasset" 302
"../../../Engine/Content/VREditor/Sounds/UI/Dockable_Window_Open.uasset" 303
"../../../Engine/Content/VREditor/Sounds/UI/Dockable_Window_Pick_Up.uasset" 304
"../../../Engine/Content/VREditor/Sounds/UI/Drop_Item_From_ContentBrowser.uasset" 305
"../../../Engine/Content/VREditor/Sounds/UI/Floating_UI_Open-001.uasset" 306
"../../../Engine/Content/VREditor/Sounds/UI/Radial_Menu_FadeOut.uasset" 307
"../../../Engine/Content/VREditor/Sounds/UI/Teleport_Mode_Entered.uasset" 308
"../../../Engine/Content/VREditor/Teleport/TeleportDirectionMaterial.uasset" 309
"../../../Engine/Content/VREditor/Teleport/TeleportDirectionMaterial_Inst.uasset" 310
"../../../Engine/Content/VREditor/Teleport/TeleportDirectionMesh.uasset" 311
"../../../Engine/Content/VREditor/TransformGizmo/BoundingBoxCorner.uasset" 312
"../../../Engine/Content/VREditor/TransformGizmo/BoundingBoxEdge.uasset" 313
"../../../Engine/Content/VREditor/TransformGizmo/PlaneTranslationHandle.uasset" 314
"../../../Engine/Content/VREditor/TransformGizmo/Main.uasset" 315
"../../../Engine/Content/VREditor/TransformGizmo/Xray.uasset" 316
"../../../Engine/Content/VREditor/TransformGizmo/SM_Dialog_Close.uasset" 317
"../../../Engine/Content/VREditor/TransformGizmo/SM_Dialog_Move.uasset" 318
"../../../Engine/Content/VREditor/TransformGizmo/SM_Sequencer_Key.uasset" 319
"../../../Engine/Content/VREditor/TransformGizmo/SM_Sequencer_Node.uasset" 320
"../../../Engine/Content/VREditor/TransformGizmo/TransformGizmoMaterial_Inst.uasset" 321
"../../../Engine/Content/VREditor/TransformGizmo/TranslucentTransformGizmoMaterial_Inst.uasset" 322
"../../../Engine/Content/VREditor/Devices/Vive/UE4_Logo.uasset" 323
"../../../Engine/Content/VREditor/UI/M_ContentWindow.uasset" 324
"../../../Engine/Content/VREditor/UI/SM_ContentWindow_01.uasset" 325
"../../../Engine/Content/VREditor/UI/KeyDiskMaterial.uasset" 326
"../../../Engine/Content/VREditor/UI/DiscMaterial.uasset" 327
"../../../Engine/Content/VREditor/UI/SM_Radial_Disk.uasset" 328
"../../../Engine/Content/VREditor/UI/ArrowMaterial.uasset" 329
"../../../Engine/Content/VREditor/UI/SM_Radial_Pointer.uasset" 330
"../../../Engine/Content/Functions/Engine_MaterialFunctions01/Gradient/RadialGradient.uasset" 331
"../../../Engine/Content/VREditor/WorldMovementGrid/SimpleGrid.uasset" 332
"../../../Engine/Content/VREditor/WorldMovementGrid/GridMaterial.uasset" 333
"../../../Engine/Content/Functions/Engine_MaterialFunctions01/Density/ExponentialDensity.uasset" 334
"../../../Engine/Content/VREditor/WorldMovementGrid/GridPostProcess.uasset" 335
"../../../Engine/Content/EditorLandscapeResources/FlattenHeightMat.uasset" 336
"../../../Engine/Content/VREditor/WorldMovementGrid/PlaneMesh.uasset" 337
"../../Plugins/2D/Paper2D/Content/PlaceholderTextures/DummySpriteTexture.uasset" 338
"../../Plugins/2D/Paper2D/Content/DummySprite.uasset" 339
"../../Plugins/2D/Paper2D/Content/DefaultPaperTerrainMaterial.uasset" 340
"../../Plugins/2D/Paper2D/Content/DefaultSpriteMaterial.uasset" 341
"../../Plugins/2D/Paper2D/Content/MaskedUnlitSpriteMaterial.uasset" 342
"../../Plugins/2D/Paper2D/Content/OpaqueUnlitSpriteMaterial.uasset" 343
"../../Plugins/Media/MediaCompositing/Content/DefaultMediaPlaneTexture.uasset" 344
"../../Plugins/Media/MediaCompositing/Content/DefaultMediaPlaneMaterial.uasset" 345
"../../../Engine/Content/Functions/Engine_MaterialFunctions02/Utility/MakeFloat4.uasset" 346
"../../Plugins/Runtime/AppleARKit/Content/ARKitCameraMaterial.uasset" 347
"../../Plugins/Runtime/Oculus/OculusVR/Content/Textures/GearVRController_AO.uasset" 348
"../../Plugins/Runtime/Oculus/OculusVR/Content/Textures/GearVRController_Color.uasset" 349
"../../Plugins/Runtime/Oculus/OculusVR/Content/Textures/GearVRController_Normal.uasset" 350
"../../Plugins/Runtime/Oculus/OculusVR/Content/Materials/GearVRControllerMaterial.uasset" 351
"../../Plugins/Runtime/Oculus/OculusVR/Content/Meshes/GearVrController.uasset" 352
"D:/Users/alex.cou7417/Documents/UnderForge/Content/Mesh/Items/SwordHandle.uasset" 353
"D:/Users/alex.cou7417/Documents/UnderForge/Content/Blueprints/ItemsBlueprints/BP_BroadswordHandlePart.uasset" 354
"D:/Users/alex.cou7417/Documents/UnderForge/Content/Mesh/Items/KrisHandle.uasset" 355
"D:/Users/alex.cou7417/Documents/UnderForge/Content/Blueprints/ItemsBlueprints/BP_KrisHandlePart.uasset" 356
"../../Plugins/2D/Paper2D/Content/PlaceholderTextures/FlatNormalMap.uasset" 357
"../../Plugins/2D/Paper2D/Content/DefaultLitSpriteMaterial.uasset" 358
"D:/Users/alex.cou7417/Documents/UnderForge/Content/Mesh/Level/Lathe_Cube_013.uasset" 359
"../../../Engine/Content/EditorBlueprintResources/StandardMacros.uasset" 360
"D:/Users/alex.cou7417/Documents/UnderForge/Content/UI/Backing_Opaque.uasset" 361
"D:/Users/alex.cou7417/Documents/UnderForge/Content/UI/Bar_Gradient.uasset" 362
"D:/Users/alex.cou7417/Documents/UnderForge/Content/UI/Ordering/Broadsword_Hilt_1.uasset" 363
"D:/Users/alex.cou7417/Documents/UnderForge/Content/UI/Ordering/Kris_Hilt_1.uasset" 364
"D:/Users/alex.cou7417/Documents/UnderForge/Content/UI/DiageticStations/LatheDisplay.uasset" 365
"D:/Users/alex.cou7417/Documents/UnderForge/Content/Blueprints/LevelBlueprints/BP_CarpentaryStation.uasset" 366
"D:/Users/alex.cou7417/Documents/UnderForge/Content/Mesh/Items/IronBroadswordBlade.uasset" 367
"D:/Users/alex.cou7417/Documents/UnderForge/Content/Mesh/Items/IronKrisBlade.uasset" 368
"D:/Users/alex.cou7417/Documents/UnderForge/Content/Mesh/Items/SteelBroadswordBlade.uasset" 369
"D:/Users/alex.cou7417/Documents/UnderForge/Content/Mesh/Items/SteelKrisBlade.uasset" 370
"D:/Users/alex.cou7417/Documents/UnderForge/Content/Mesh/Items/Sword_Whole.uasset" 371
"D:/Users/alex.cou7417/Documents/UnderForge/Content/Blueprints/ItemsBlueprints/BP_Sword.uasset" 372
"D:/Users/alex.cou7417/Documents/UnderForge/Content/Mesh/Level/Shelf.uasset" 373
"D:/Users/alex.cou7417/Documents/UnderForge/Content/Blueprints/LevelBlueprints/BP_CombineBench.uasset" 374
"D:/Users/alex.cou7417/Documents/UnderForge/Content/Textures/Level/Environment_Houses_TextureMap.uasset" 375
"D:/Users/alex.cou7417/Documents/UnderForge/Content/Materials/Level/Clutter_MAT_2.uasset" 376
"D:/Users/alex.cou7417/Documents/UnderForge/Content/Blueprints/ItemsBlueprints/BP_IronBroadswordBladePart.uasset" 377
"D:/Users/alex.cou7417/Documents/UnderForge/Content/Blueprints/ItemsBlueprints/BP_IronKrisBladePart.uasset" 378
"D:/Users/alex.cou7417/Documents/UnderForge/Content/Blueprints/ItemsBlueprints/BP_SteelBroadswordBladePart.uasset" 379
"D:/Users/alex.cou7417/Documents/UnderForge/Content/Blueprints/ItemsBlueprints/BP_SteelKrisBladePart.uasset" 380
"D:/Users/alex.cou7417/Documents/UnderForge/Content/Textures/Level/Anvil_LP_initialShadingGroup_BaseColor.uasset" 381
"D:/Users/alex.cou7417/Documents/UnderForge/Content/Textures/Level/Anvil_LP_initialShadingGroup_Emissive.uasset" 382
"D:/Users/alex.cou7417/Documents/UnderForge/Content/Textures/Level/Anvil_LP_initialShadingGroup_Metallic.uasset" 383
"D:/Users/alex.cou7417/Documents/UnderForge/Content/Textures/Level/Anvil_LP_initialShadingGroup_Normal.uasset" 384
"D:/Users/alex.cou7417/Documents/UnderForge/Content/Textures/Level/Anvil_LP_initialShadingGroup_Roughness.uasset" 385
"D:/Users/alex.cou7417/Documents/UnderForge/Content/Materials/Level/Anvil_MAT.uasset" 386
"D:/Users/alex.cou7417/Documents/UnderForge/Content/Mesh/Level/Anvil_LP.uasset" 387
"D:/Users/alex.cou7417/Documents/UnderForge/Content/UI/DiageticStations/AnvilDisplay.uasset" 388
"D:/Users/alex.cou7417/Documents/UnderForge/Content/Blueprints/LevelBlueprints/BP_ForgeAnvil.uasset" 389
"D:/Users/alex.cou7417/Documents/UnderForge/Content/Mesh/Items/WoodLog.uasset" 390
"D:/Users/alex.cou7417/Documents/UnderForge/Content/Blueprints/ItemsBlueprints/WoodMat.uasset" 391
"D:/Users/alex.cou7417/Documents/UnderForge/Content/Mesh/Level/CrateOpen.uasset" 392
"D:/Users/alex.cou7417/Documents/UnderForge/Content/Blueprints/LevelBlueprints/BP_ResourcePile.uasset" 393
"D:/Users/alex.cou7417/Documents/UnderForge/Content/Textures/Level/Tavern_DIF.uasset" 394
"D:/Users/alex.cou7417/Documents/UnderForge/Content/Materials/Level/Tavern_MAT.uasset" 395
"D:/Users/alex.cou7417/Documents/UnderForge/Content/Mesh/Level/Bar.uasset" 396
"D:/Users/alex.cou7417/Documents/UnderForge/Content/Blueprints/LevelBlueprints/BP_ServingBench.uasset" 397
"D:/Users/alex.cou7417/Documents/UnderForge/Content/Mesh/Items/Ingot_Iron.uasset" 398
"D:/Users/alex.cou7417/Documents/UnderForge/Content/Blueprints/ItemsBlueprints/BP_IronIngot.uasset" 399
"D:/Users/alex.cou7417/Documents/UnderForge/Content/Mesh/Items/Ingot_Steel.uasset" 400
"D:/Users/alex.cou7417/Documents/UnderForge/Content/Blueprints/ItemsBlueprints/BP_SteelIngot.uasset" 401
"D:/Users/alex.cou7417/Documents/UnderForge/Content/Materials/Items/Iron_DIFF.uasset" 402
"D:/Users/alex.cou7417/Documents/UnderForge/Content/Mesh/Items/Resource_Iron.uasset" 403
"D:/Users/alex.cou7417/Documents/UnderForge/Content/Blueprints/ItemsBlueprints/IronMat.uasset" 404
"D:/Users/alex.cou7417/Documents/UnderForge/Content/Blueprints/Mechanics/ForgeGameInstance.uasset" 405
"D:/Users/alex.cou7417/Documents/UnderForge/Content/Blueprints/PlayerBlueprints/ForgeController.uasset" 406
"D:/Users/alex.cou7417/Documents/UnderForge/Content/Blueprints/Mechanics/BP_CameraSystem.uasset" 407
"D:/Users/alex.cou7417/Documents/UnderForge/Content/Animations/Player/Character_IDLE.uasset" 408
"D:/Users/alex.cou7417/Documents/UnderForge/Content/Animations/Player/Character_Run_Anim.uasset" 409
"D:/Users/alex.cou7417/Documents/UnderForge/Content/Animations/Player/CharacterAnimBP.uasset" 410
"D:/Users/alex.cou7417/Documents/UnderForge/Content/Animations/Player/Character_PhysicsAsset.uasset" 411
"D:/Users/alex.cou7417/Documents/UnderForge/Content/Animations/Player/Character.uasset" 412
"D:/Users/alex.cou7417/Documents/UnderForge/Content/UI/Backing.uasset" 413
"D:/Users/alex.cou7417/Documents/UnderForge/Content/UI/Ordering/Broadsword_Iron_Blade.uasset" 414
"D:/Users/alex.cou7417/Documents/UnderForge/Content/UI/Ordering/Ingot_Iron.uasset" 415
"D:/Users/alex.cou7417/Documents/UnderForge/Content/UI/Ordering/Ingot_Steel.uasset" 416
"D:/Users/alex.cou7417/Documents/UnderForge/Content/UI/Ordering/Kris_Iron_Blade.uasset" 417
"D:/Users/alex.cou7417/Documents/UnderForge/Content/UI/Ordering/Kris_Steel_Blade.uasset" 418
"D:/Users/alex.cou7417/Documents/UnderForge/Content/UI/Ordering/Ore_Iron.uasset" 419
"D:/Users/alex.cou7417/Documents/UnderForge/Content/UI/Ordering/Resource_Log.uasset" 420
"D:/Users/alex.cou7417/Documents/UnderForge/Content/UI/Ordering/Sword_Steel_Blade.uasset" 421
"D:/Users/alex.cou7417/Documents/UnderForge/Content/UI/W_PlayerPrompt.uasset" 422
"D:/Users/alex.cou7417/Documents/UnderForge/Content/Blueprints/PlayerBlueprints/BP_ForgePlayer.uasset" 423
"D:/Users/alex.cou7417/Documents/UnderForge/Content/Blueprints/Mechanics/StartStats.uasset" 424
"D:/Users/alex.cou7417/Documents/UnderForge/Content/UI/Ordering/W_Part.uasset" 425
"D:/Users/alex.cou7417/Documents/UnderForge/Content/UI/Ordering/EWeapon.uasset" 426
"D:/Users/alex.cou7417/Documents/UnderForge/Content/UI/Ordering/Kris_Iron_Whole.uasset" 427
"D:/Users/alex.cou7417/Documents/UnderForge/Content/UI/Ordering/Kris_Steel_Whole.uasset" 428
"D:/Users/alex.cou7417/Documents/UnderForge/Content/UI/Ordering/Sword_Iron_Whole.uasset" 429
"D:/Users/alex.cou7417/Documents/UnderForge/Content/UI/Ordering/Sword_Steel_Whole.uasset" 430
"D:/Users/alex.cou7417/Documents/UnderForge/Content/UI/Ordering/W_Order.uasset" 431
"D:/Users/alex.cou7417/Documents/UnderForge/Content/UI/DiageticStations/ForgeHealth.uasset" 432
"D:/Users/alex.cou7417/Documents/UnderForge/Content/UI/Ordering/Ingot_Copper.uasset" 433
"D:/Users/alex.cou7417/Documents/UnderForge/Content/UI/Ordering/W_HUD.uasset" 434
"D:/Users/alex.cou7417/Documents/UnderForge/Content/UI/Screens/W_PauseScreen.uasset" 435
"D:/Users/alex.cou7417/Documents/UnderForge/Content/Sounds/Death_Is_Just_Another_Path.uasset" 436
"D:/Users/alex.cou7417/Documents/UnderForge/Content/Sounds/BG_Music.uasset" 437
"D:/Users/alex.cou7417/Documents/UnderForge/Content/UI/Screens/W_EndScreen.uasset" 438
"D:/Users/alex.cou7417/Documents/UnderForge/Content/Blueprints/Mechanics/GM_ForgeLevel.uasset" 439
"../../../Engine/Content/Functions/Engine_MaterialFunctions02/ExampleContent/Gradient.uasset" 440
"../../../Engine/Content/Functions/Engine_MaterialFunctions02/ExampleContent/Greyscale.uasset" 441
"../../../Engine/Content/Functions/Engine_MaterialFunctions02/Gradients/GradientMap_Multi.uasset" 442
"../../../Engine/Content/Functions/Engine_MaterialFunctions02/ExampleContent/GradientMap_Multi_Example.uasset" 443
"D:/Users/alex.cou7417/Documents/UnderForge/Content/Effects/FirePS.uasset" 444
"D:/Users/alex.cou7417/Documents/UnderForge/Content/Mesh/Level/Forge.uasset" 445
"D:/Users/alex.cou7417/Documents/UnderForge/Content/UI/DiageticStations/Tick.uasset" 446
"D:/Users/alex.cou7417/Documents/UnderForge/Content/UI/DiageticStations/ForgeDisplay.uasset" 447
"D:/Users/alex.cou7417/Documents/UnderForge/Content/Blueprints/LevelBlueprints/BP_Smeltery.uasset" 448
"D:/Users/alex.cou7417/Documents/UnderForge/Content/Mesh/Items/HammerHP2Mat.uasset" 449
"D:/Users/alex.cou7417/Documents/UnderForge/Content/Mesh/Items/Hammer_LP.uasset" 450
"D:/Users/alex.cou7417/Documents/UnderForge/Content/Blueprints/ItemsBlueprints/HammerTool.uasset" 451
"D:/Users/alex.cou7417/Documents/UnderForge/Content/Maps/MainLevel_BuiltData.uasset" 452
"D:/Users/alex.cou7417/Documents/UnderForge/Content/Materials/Items/Coal_DIFF.uasset" 453
"D:/Users/alex.cou7417/Documents/UnderForge/Content/Materials/Items/Copper_DIFF.uasset" 454
"D:/Users/alex.cou7417/Documents/UnderForge/Content/Materials/Items/Gem_Blue_MAT.uasset" 455
"../../../Engine/Content/EditorMaterials/Cascade/CASC_Cross.uasset" 456
"../../../Engine/Content/EditorMaterials/Cascade/CASC_None.uasset" 457
"../../../Engine/Content/Functions/Engine_MaterialFunctions03/Blends/Blend_Screen.uasset" 458
"D:/Users/alex.cou7417/Documents/UnderForge/Content/Materials/Items/Tin_DIFF.uasset" 459
"D:/Users/alex.cou7417/Documents/UnderForge/Content/Materials/Level/Water_MAT.uasset" 460
"../../../Engine/Content/Functions/Engine_MaterialFunctions03/Blends/Blend_Lighten.uasset" 461
"D:/Users/alex.cou7417/Documents/UnderForge/Content/Mesh/Level/TilingGrass2.uasset" 462
"D:/Users/alex.cou7417/Documents/UnderForge/Content/Mesh/Level/Grass_MAT.uasset" 463
"D:/Users/alex.cou7417/Documents/UnderForge/Content/Environment/Materials/M_PostProcess_Base.uasset" 464
"D:/Users/alex.cou7417/Documents/UnderForge/Content/Environment/Materials/M_PostProcess_Base_Inst.uasset" 465
"../../../Engine/Content/Functions/Engine_MaterialFunctions01/Texturing/ScaleUVsByCenter.uasset" 466
"../../../Engine/Content/Functions/Engine_MaterialFunctions02/ScreenResolution.uasset" 467
"../../../Engine/Content/Functions/Engine_MaterialFunctions02/Texturing/ScreenAlignedUVs.uasset" 468
"D:/Users/alex.cou7417/Documents/UnderForge/Content/Environment/Materials/T_TexturedPaper.uasset" 469
"D:/Users/alex.cou7417/Documents/UnderForge/Content/Environment/Textures/T_MaskedPaper_Screen.uasset" 470
"D:/Users/alex.cou7417/Documents/UnderForge/Content/Textures/Level/StoneWalldoubleDiff.uasset" 471
"D:/Users/alex.cou7417/Documents/UnderForge/Content/Environment/Materials/M_PostProcess_Paper.uasset" 472
"D:/Users/alex.cou7417/Documents/UnderForge/Content/Environment/Materials/M_PostProcess_Paper_Inst.uasset" 473
"../../../Engine/Content/BasicShapes/Cylinder.uasset" 474
"D:/Users/alex.cou7417/Documents/UnderForge/Content/Mesh/Items/Gem_Blue.uasset" 475
"D:/Users/alex.cou7417/Documents/UnderForge/Content/Materials/Items/Gem_Green_MAT.uasset" 476
"D:/Users/alex.cou7417/Documents/UnderForge/Content/Mesh/Items/Gem_Green.uasset" 477
"D:/Users/alex.cou7417/Documents/UnderForge/Content/Materials/Items/Gem_Red_MAT.uasset" 478
"D:/Users/alex.cou7417/Documents/UnderForge/Content/Mesh/Items/Gem_Red.uasset" 479
"D:/Users/alex.cou7417/Documents/UnderForge/Content/Mesh/Items/Resource_Coal.uasset" 480
"D:/Users/alex.cou7417/Documents/UnderForge/Content/Mesh/Items/Resource_Copper.uasset" 481
"D:/Users/alex.cou7417/Documents/UnderForge/Content/Mesh/Items/Resource_Tin.uasset" 482
"D:/Users/alex.cou7417/Documents/UnderForge/Content/Mesh/Level/BarrelClosed.uasset" 483
"D:/Users/alex.cou7417/Documents/UnderForge/Content/Mesh/Level/BarrelOpen.uasset" 484
"D:/Users/alex.cou7417/Documents/UnderForge/Content/Textures/Level/Alpha_DIF.uasset" 485
"D:/Users/alex.cou7417/Documents/UnderForge/Content/Materials/Level/Alpha_MAT.uasset" 486
"D:/Users/alex.cou7417/Documents/UnderForge/Content/Mesh/Level/Carpet.uasset" 487
"D:/Users/alex.cou7417/Documents/UnderForge/Content/Materials/Level/Chandelier_MAT.uasset" 488
"D:/Users/alex.cou7417/Documents/UnderForge/Content/Mesh/Level/Chandelier.uasset" 489
"D:/Users/alex.cou7417/Documents/UnderForge/Content/Mesh/Level/Chest.uasset" 490
"D:/Users/alex.cou7417/Documents/UnderForge/Content/Mesh/Level/CrateClosed.uasset" 491
"D:/Users/alex.cou7417/Documents/UnderForge/Content/Mesh/Level/Door.uasset" 492
"D:/Users/alex.cou7417/Documents/UnderForge/Content/Textures/Level/AmbientOcclusionMap.uasset" 493
"D:/Users/alex.cou7417/Documents/UnderForge/Content/Textures/Level/FloorDiff.uasset" 494
"D:/Users/alex.cou7417/Documents/UnderForge/Content/Textures/Level/NormalMap.uasset" 495
"D:/Users/alex.cou7417/Documents/UnderForge/Content/Materials/Level/Floor_MAT.uasset" 496
"D:/Users/alex.cou7417/Documents/UnderForge/Content/Mesh/Level/Floor.uasset" 497
"D:/Users/alex.cou7417/Documents/UnderForge/Content/Mesh/Level/GroundPlane.uasset" 498
"D:/Users/alex.cou7417/Documents/UnderForge/Content/Mesh/Level/Environment_DIF.uasset" 499
"D:/Users/alex.cou7417/Documents/UnderForge/Content/Mesh/Level/Oak_MAT.uasset" 500
"D:/Users/alex.cou7417/Documents/UnderForge/Content/Mesh/Level/Oak_Whole.uasset" 501
"D:/Users/alex.cou7417/Documents/UnderForge/Content/Materials/Level/Tavern_MAT1.uasset" 502
"D:/Users/alex.cou7417/Documents/UnderForge/Content/Mesh/Level/Rug_Bearskin_Rug.uasset" 503
"D:/Users/alex.cou7417/Documents/UnderForge/Content/Mesh/Level/sconce.uasset" 504
"D:/Users/alex.cou7417/Documents/UnderForge/Content/Mesh/Level/Sign01.uasset" 505
"D:/Users/alex.cou7417/Documents/UnderForge/Content/Materials/Level/Clutter_MAT_3.uasset" 506
"D:/Users/alex.cou7417/Documents/UnderForge/Content/Mesh/Level/Sign02.uasset" 507
"D:/Users/alex.cou7417/Documents/UnderForge/Content/Mesh/Level/Trophy.uasset" 508
"D:/Users/alex.cou7417/Documents/UnderForge/Content/Textures/Level/DisplacementMap.uasset" 509
"D:/Users/alex.cou7417/Documents/UnderForge/Content/Materials/Level/StoneWallDouble_MAT.uasset" 510
"D:/Users/alex.cou7417/Documents/UnderForge/Content/Mesh/Level/Wall1.uasset" 511
"D:/Users/alex.cou7417/Documents/UnderForge/Content/Maps/MainLevel.umap" 512
"D:/Users/alex.cou7417/Documents/UnderForge/Content/Blueprints/Mechanics/MenuController.uasset" 513
"D:/Users/alex.cou7417/Documents/UnderForge/Content/UI/MainMenu/W_MainMenu.uasset" 514
"D:/Users/alex.cou7417/Documents/UnderForge/Content/UI/Buttons/A.uasset" 515
"D:/Users/alex.cou7417/Documents/UnderForge/Content/UI/Buttons/B.uasset" 516
"D:/Users/alex.cou7417/Documents/UnderForge/Content/UI/Buttons/Start_Button.uasset" 517
"D:/Users/alex.cou7417/Documents/UnderForge/Content/UI/DiageticStations/Exclamation.uasset" 518
"D:/Users/alex.cou7417/Documents/UnderForge/Content/UI/MainMenu/Ready.uasset" 519
"D:/Users/alex.cou7417/Documents/UnderForge/Content/Blueprints/Mechanics/GM_MenuGameMode.uasset" 520
"D:/Users/alex.cou7417/Documents/UnderForge/Content/Maps/MainMenu_BuiltData.uasset" 521
"D:/Users/alex.cou7417/Documents/UnderForge/Content/Maps/MainMenu.umap" 522
"../../../Engine/Content/EngineSky/C_Sky_Cloud_Color.uasset" 523
"../../../Engine/Content/EngineSky/C_Sky_Horizon_Color.uasset" 524
"../../../Engine/Content/EngineSky/C_Sky_Zenith_Color.uasset" 525
"../../../Engine/Content/EngineSky/T_Sky_Blue.uasset" 526
"../../../Engine/Content/EngineSky/T_Sky_Clouds_M.uasset" 527
"../../../Engine/Content/EngineSky/T_Sky_Stars.uasset" 528
"../../../Engine/Content/EngineSky/M_Sky_Panning_Clouds2.uasset" 529
"../../../Engine/Content/EngineSky/SM_SkySphere.uasset" 530
"../../../Engine/Content/EngineSky/BP_Sky_Sphere.uasset" 531
"D:/Users/alex.cou7417/Documents/UnderForge/Content/Maps/MichaelTestLevel_BuiltData.uasset" 532
"../../../Engine/Content/MapTemplates/Sky/Desert_Outer_HDR.uasset" 533
"../../../Engine/Content/MapTemplates/Sky/Desert_Outer_HDR_Mat.uasset" 534
"../../../Engine/Content/MapTemplates/SM_Template_Map_Floor.uasset" 535
"D:/Users/alex.cou7417/Documents/UnderForge/Content/Maps/MichaelTestLevel.umap" 536
"D:/Users/alex.cou7417/Documents/UnderForge/Content/Maps/TechArtMap.umap" 537
"D:/Users/alex.cou7417/Documents/UnderForge/Content/Maps/TestingLevel_BuiltData.uasset" 538
"D:/Users/alex.cou7417/Documents/UnderForge/Content/Maps/TestingLevel.umap" 539
"../../../Engine/Content/Maps/Entry.umap" 540
